<?xml version="1.0" encoding="UTF-8"?>
<!-- Generated by org.testng.reporters.JUnitReportReporter -->
<testsuite hostname="LTIN546268" failures="0" tests="4" name="tests.TestCase" time="30.085" errors="0" timestamp="2024-04-14T22:15:24 IST" skipped="0">
  <testcase classname="tests.TestCase" name="test1" time="6.542"/>
  <testcase classname="tests.TestCase" name="test2" time="0.156"/>
  <testcase classname="tests.TestCase" name="test3" time="16.142"/>
  <testcase classname="tests.TestCase" name="test4" time="7.245"/>
</testsuite> <!-- tests.TestCase -->
